Info: Starting: Create block symbol file (.bsf)
Info: qsys-generate C:\Users\nicca\DeskDoc\EmbeddedSystems\Embedded_Systems\lab_4_project_template\hw\quartus\soc_system.qsys --block-symbol-file --output-directory=C:\Users\nicca\DeskDoc\EmbeddedSystems\Embedded_Systems\lab_4_project_template\hw\quartus\soc_system --family="Cyclone V" --part=5CSEMA4U23C6
Progress: Loading quartus/soc_system.qsys
Progress: Reading input file
Progress: Adding LCD_controller_0 [LCD_controller 1.0]
Progress: Parameterizing module LCD_controller_0
Progress: Adding address_span_extender_0 [altera_address_span_extender 18.1]
Progress: Parameterizing module address_span_extender_0
Progress: Adding clk_0 [clock_source 18.1]
Progress: Parameterizing module clk_0
Progress: Adding hps_0 [altera_hps 18.1]
Progress: Parameterizing module hps_0
Progress: Adding jtag_uart_0 [altera_avalon_jtag_uart 18.1]
Progress: Parameterizing module jtag_uart_0
Progress: Adding nios2_gen2_0 [altera_nios2_gen2 18.1]
Progress: Parameterizing module nios2_gen2_0
Progress: Adding onchip_memory2_0 [altera_avalon_onchip_memory2 18.1]
Progress: Parameterizing module onchip_memory2_0
Progress: Adding pio_leds [altera_avalon_pio 18.1]
Progress: Parameterizing module pio_leds
Progress: Building connections
Progress: Parameterizing connections
Progress: Validating
Progress: Done reading input file
Warning: soc_system.hps_0: Setting the slave port width of interface f2h_sdram0 to 32 results in bandwidth under-utilization.  Altera recommends you set the interface data width to 64-bit or greater.
Info: soc_system.hps_0: HPS Main PLL counter settings: n = 0  m = 73
Info: soc_system.hps_0: HPS peripherial PLL counter settings: n = 0  m = 39
Warning: soc_system.hps_0: "Configuration/HPS-to-FPGA user 0 clock frequency" (desired_cfg_clk_mhz) requested 100.0 MHz, but only achieved 97.368421 MHz
Warning: soc_system.hps_0: 1 or more output clock frequencies cannot be achieved precisely, consider revising desired output clock frequencies.
Info: soc_system.jtag_uart_0: JTAG UART IP input clock need to be at least double (2x) the operating frequency of JTAG TCK on board
Info: qsys-generate succeeded.
Info: Finished: Create block symbol file (.bsf)
Info: 
Info: Starting: Create HDL design files for synthesis
Info: qsys-generate C:\Users\nicca\DeskDoc\EmbeddedSystems\Embedded_Systems\lab_4_project_template\hw\quartus\soc_system.qsys --synthesis=VERILOG --output-directory=C:\Users\nicca\DeskDoc\EmbeddedSystems\Embedded_Systems\lab_4_project_template\hw\quartus\soc_system\synthesis --family="Cyclone V" --part=5CSEMA4U23C6
Progress: Loading quartus/soc_system.qsys
Progress: Reading input file
Progress: Adding LCD_controller_0 [LCD_controller 1.0]
Progress: Parameterizing module LCD_controller_0
Progress: Adding address_span_extender_0 [altera_address_span_extender 18.1]
Progress: Parameterizing module address_span_extender_0
Progress: Adding clk_0 [clock_source 18.1]
Progress: Parameterizing module clk_0
Progress: Adding hps_0 [altera_hps 18.1]
Progress: Parameterizing module hps_0
Progress: Adding jtag_uart_0 [altera_avalon_jtag_uart 18.1]
Progress: Parameterizing module jtag_uart_0
Progress: Adding nios2_gen2_0 [altera_nios2_gen2 18.1]
Progress: Parameterizing module nios2_gen2_0
Progress: Adding onchip_memory2_0 [altera_avalon_onchip_memory2 18.1]
Progress: Parameterizing module onchip_memory2_0
Progress: Adding pio_leds [altera_avalon_pio 18.1]
Progress: Parameterizing module pio_leds
Progress: Building connections
Progress: Parameterizing connections
Progress: Validating
Progress: Done reading input file
Warning: soc_system.hps_0: Setting the slave port width of interface f2h_sdram0 to 32 results in bandwidth under-utilization.  Altera recommends you set the interface data width to 64-bit or greater.
Info: soc_system.hps_0: HPS Main PLL counter settings: n = 0  m = 73
Info: soc_system.hps_0: HPS peripherial PLL counter settings: n = 0  m = 39
Warning: soc_system.hps_0: "Configuration/HPS-to-FPGA user 0 clock frequency" (desired_cfg_clk_mhz) requested 100.0 MHz, but only achieved 97.368421 MHz
Warning: soc_system.hps_0: 1 or more output clock frequencies cannot be achieved precisely, consider revising desired output clock frequencies.
Info: soc_system.jtag_uart_0: JTAG UART IP input clock need to be at least double (2x) the operating frequency of JTAG TCK on board
Info: soc_system: Generating soc_system "soc_system" for QUARTUS_SYNTH
Info: Interconnect is inserted between master address_span_extender_0.expanded_master and slave hps_0.f2h_sdram0_data because the master has address signal 32 bit wide, but the slave is 30 bit wide.
Info: Interconnect is inserted between master address_span_extender_0.expanded_master and slave hps_0.f2h_sdram0_data because the master has burstcount signal 7 bit wide, but the slave is 8 bit wide.
Info: LCD_controller_0: "soc_system" instantiated LCD_controller "LCD_controller_0"
Info: address_span_extender_0: "soc_system" instantiated altera_address_span_extender "address_span_extender_0"
Info: hps_0: "Running  for module: hps_0"
Warning: hps_0: Setting the slave port width of interface f2h_sdram0 to 32 results in bandwidth under-utilization.  Altera recommends you set the interface data width to 64-bit or greater.
Info: hps_0: HPS Main PLL counter settings: n = 0  m = 73
Info: hps_0: HPS peripherial PLL counter settings: n = 0  m = 39
Warning: hps_0: "Configuration/HPS-to-FPGA user 0 clock frequency" (desired_cfg_clk_mhz) requested 100.0 MHz, but only achieved 97.368421 MHz
Warning: hps_0: 1 or more output clock frequencies cannot be achieved precisely, consider revising desired output clock frequencies.
Info: hps_0: "soc_system" instantiated altera_hps "hps_0"
Info: jtag_uart_0: Starting RTL generation for module 'soc_system_jtag_uart_0'
Info: jtag_uart_0:   Generation command is [exec D:/quartus/quartus/bin64/perl/bin/perl.exe -I D:/quartus/quartus/bin64/perl/lib -I D:/quartus/quartus/sopc_builder/bin/europa -I D:/quartus/quartus/sopc_builder/bin/perl_lib -I D:/quartus/quartus/sopc_builder/bin -I D:/quartus/quartus/../ip/altera/sopc_builder_ip/common -I D:/quartus/quartus/../ip/altera/sopc_builder_ip/altera_avalon_jtag_uart -- D:/quartus/quartus/../ip/altera/sopc_builder_ip/altera_avalon_jtag_uart/generate_rtl.pl --name=soc_system_jtag_uart_0 --dir=C:/Users/nicca/AppData/Local/Temp/alt8631_3136438336308985754.dir/0004_jtag_uart_0_gen/ --quartus_dir=D:/quartus/quartus --verilog --config=C:/Users/nicca/AppData/Local/Temp/alt8631_3136438336308985754.dir/0004_jtag_uart_0_gen//soc_system_jtag_uart_0_component_configuration.pl  --do_build_sim=0  ]
Info: jtag_uart_0: Done RTL generation for module 'soc_system_jtag_uart_0'
Info: jtag_uart_0: "soc_system" instantiated altera_avalon_jtag_uart "jtag_uart_0"
Info: nios2_gen2_0: "soc_system" instantiated altera_nios2_gen2 "nios2_gen2_0"
Info: onchip_memory2_0: Starting RTL generation for module 'soc_system_onchip_memory2_0'
Info: onchip_memory2_0:   Generation command is [exec D:/quartus/quartus/bin64/perl/bin/perl.exe -I D:/quartus/quartus/bin64/perl/lib -I D:/quartus/quartus/sopc_builder/bin/europa -I D:/quartus/quartus/sopc_builder/bin/perl_lib -I D:/quartus/quartus/sopc_builder/bin -I D:/quartus/quartus/../ip/altera/sopc_builder_ip/common -I D:/quartus/quartus/../ip/altera/sopc_builder_ip/altera_avalon_onchip_memory2 -- D:/quartus/quartus/../ip/altera/sopc_builder_ip/altera_avalon_onchip_memory2/generate_rtl.pl --name=soc_system_onchip_memory2_0 --dir=C:/Users/nicca/AppData/Local/Temp/alt8631_3136438336308985754.dir/0005_onchip_memory2_0_gen/ --quartus_dir=D:/quartus/quartus --verilog --config=C:/Users/nicca/AppData/Local/Temp/alt8631_3136438336308985754.dir/0005_onchip_memory2_0_gen//soc_system_onchip_memory2_0_component_configuration.pl  --do_build_sim=0  ]
Info: onchip_memory2_0: Done RTL generation for module 'soc_system_onchip_memory2_0'
Info: onchip_memory2_0: "soc_system" instantiated altera_avalon_onchip_memory2 "onchip_memory2_0"
Info: pio_leds: Starting RTL generation for module 'soc_system_pio_leds'
Info: pio_leds:   Generation command is [exec D:/quartus/quartus/bin64/perl/bin/perl.exe -I D:/quartus/quartus/bin64/perl/lib -I D:/quartus/quartus/sopc_builder/bin/europa -I D:/quartus/quartus/sopc_builder/bin/perl_lib -I D:/quartus/quartus/sopc_builder/bin -I D:/quartus/quartus/../ip/altera/sopc_builder_ip/common -I D:/quartus/quartus/../ip/altera/sopc_builder_ip/altera_avalon_pio -- D:/quartus/quartus/../ip/altera/sopc_builder_ip/altera_avalon_pio/generate_rtl.pl --name=soc_system_pio_leds --dir=C:/Users/nicca/AppData/Local/Temp/alt8631_3136438336308985754.dir/0006_pio_leds_gen/ --quartus_dir=D:/quartus/quartus --verilog --config=C:/Users/nicca/AppData/Local/Temp/alt8631_3136438336308985754.dir/0006_pio_leds_gen//soc_system_pio_leds_component_configuration.pl  --do_build_sim=0  ]
Info: pio_leds: Done RTL generation for module 'soc_system_pio_leds'
Info: pio_leds: "soc_system" instantiated altera_avalon_pio "pio_leds"
Info: avalon_st_adapter: Inserting error_adapter: error_adapter_0
Info: avalon_st_adapter_001: Inserting error_adapter: error_adapter_0
Info: avalon_st_adapter_002: Inserting error_adapter: error_adapter_0
Info: avalon_st_adapter_003: Inserting error_adapter: error_adapter_0
Info: avalon_st_adapter_004: Inserting error_adapter: error_adapter_0
Info: avalon_st_adapter_005: Inserting error_adapter: error_adapter_0
Info: mm_interconnect_0: "soc_system" instantiated altera_mm_interconnect "mm_interconnect_0"
Info: avalon_st_adapter: Inserting error_adapter: error_adapter_0
Info: mm_interconnect_1: "soc_system" instantiated altera_mm_interconnect "mm_interconnect_1"
Info: irq_mapper: "soc_system" instantiated altera_irq_mapper "irq_mapper"
Info: rst_controller: "soc_system" instantiated altera_reset_controller "rst_controller"
Info: fpga_interfaces: "hps_0" instantiated altera_interface_generator "fpga_interfaces"
Info: hps_io: "hps_0" instantiated altera_hps_io "hps_io"
Info: cpu: Starting RTL generation for module 'soc_system_nios2_gen2_0_cpu'
Info: cpu:   Generation command is [exec D:/quartus/quartus/bin64//eperlcmd.exe -I D:/quartus/quartus/bin64//perl/lib -I D:/quartus/quartus/sopc_builder/bin/europa -I D:/quartus/quartus/sopc_builder/bin/perl_lib -I D:/quartus/quartus/sopc_builder/bin -I D:/quartus/quartus/../ip/altera/nios2_ip/altera_nios2_gen2/cpu_lib -I D:/quartus/quartus/../ip/altera/nios2_ip/altera_nios2_gen2/nios_lib -I D:/quartus/quartus/../ip/altera/nios2_ip/altera_nios2_gen2 -I D:/quartus/quartus/../ip/altera/nios2_ip/altera_nios2_gen2 -- D:/quartus/quartus/../ip/altera/nios2_ip/altera_nios2_gen2/generate_rtl.epl --name=soc_system_nios2_gen2_0_cpu --dir=C:/Users/nicca/AppData/Local/Temp/alt8631_3136438336308985754.dir/0010_cpu_gen/ --quartus_bindir=D:/quartus/quartus/bin64/ --verilog --config=C:/Users/nicca/AppData/Local/Temp/alt8631_3136438336308985754.dir/0010_cpu_gen//soc_system_nios2_gen2_0_cpu_processor_configuration.pl  --do_build_sim=0  ]
Info: cpu: # 2021.01.04 13:35:27 (*) Starting Nios II generation
Info: cpu: # 2021.01.04 13:35:27 (*)   Checking for plaintext license.
Info: cpu: # 2021.01.04 13:35:28 (*)   Couldn't query license setup in Quartus directory D:/quartus/quartus/bin64/
Info: cpu: # 2021.01.04 13:35:28 (*)   Defaulting to contents of LM_LICENSE_FILE environment variable
Info: cpu: # 2021.01.04 13:35:28 (*)   LM_LICENSE_FILE environment variable is empty
Info: cpu: # 2021.01.04 13:35:28 (*)   Plaintext license not found.
Info: cpu: # 2021.01.04 13:35:28 (*)   Checking for encrypted license (non-evaluation).
Info: cpu: # 2021.01.04 13:35:28 (*)   Couldn't query license setup in Quartus directory D:/quartus/quartus/bin64/
Info: cpu: # 2021.01.04 13:35:28 (*)   Defaulting to contents of LM_LICENSE_FILE environment variable
Info: cpu: # 2021.01.04 13:35:28 (*)   LM_LICENSE_FILE environment variable is empty
Info: cpu: # 2021.01.04 13:35:28 (*)   Encrypted license not found.  Defaulting to OCP evaluation license (produces a time-limited SOF)
Info: cpu: # 2021.01.04 13:35:28 (*)   Elaborating CPU configuration settings
Info: cpu: # 2021.01.04 13:35:28 (*)   Creating all objects for CPU
Info: cpu: # 2021.01.04 13:35:28 (*)     Testbench
Info: cpu: # 2021.01.04 13:35:29 (*)     Instruction decoding
Info: cpu: # 2021.01.04 13:35:29 (*)       Instruction fields
Info: cpu: # 2021.01.04 13:35:29 (*)       Instruction decodes
Info: cpu: # 2021.01.04 13:35:29 (*)       Signals for RTL simulation waveforms
Info: cpu: # 2021.01.04 13:35:29 (*)       Instruction controls
Info: cpu: # 2021.01.04 13:35:29 (*)     Pipeline frontend
Info: cpu: # 2021.01.04 13:35:29 (*)     Pipeline backend
Info: cpu: # 2021.01.04 13:35:32 (*)   Generating RTL from CPU objects
Info: cpu: # 2021.01.04 13:35:34 (*)   Creating encrypted RTL
Info: cpu: # 2021.01.04 13:35:35 (*) Done Nios II generation
Info: cpu: Done RTL generation for module 'soc_system_nios2_gen2_0_cpu'
Info: cpu: "nios2_gen2_0" instantiated altera_nios2_gen2_unit "cpu"
Info: LCD_controller_0_avalon_master_translator: "mm_interconnect_0" instantiated altera_merlin_master_translator "LCD_controller_0_avalon_master_translator"
Info: LCD_controller_0_as_translator: "mm_interconnect_0" instantiated altera_merlin_slave_translator "LCD_controller_0_as_translator"
Info: LCD_controller_0_avalon_master_agent: "mm_interconnect_0" instantiated altera_merlin_master_agent "LCD_controller_0_avalon_master_agent"
Info: LCD_controller_0_as_agent: "mm_interconnect_0" instantiated altera_merlin_slave_agent "LCD_controller_0_as_agent"
Info: LCD_controller_0_as_agent_rsp_fifo: "mm_interconnect_0" instantiated altera_avalon_sc_fifo "LCD_controller_0_as_agent_rsp_fifo"
Info: router: "mm_interconnect_0" instantiated altera_merlin_router "router"
Info: router_001: "mm_interconnect_0" instantiated altera_merlin_router "router_001"
Info: router_002: "mm_interconnect_0" instantiated altera_merlin_router "router_002"
Info: router_003: "mm_interconnect_0" instantiated altera_merlin_router "router_003"
Info: router_006: "mm_interconnect_0" instantiated altera_merlin_router "router_006"
Info: router_007: "mm_interconnect_0" instantiated altera_merlin_router "router_007"
Info: LCD_controller_0_avalon_master_limiter: "mm_interconnect_0" instantiated altera_merlin_traffic_limiter "LCD_controller_0_avalon_master_limiter"
Info: Reusing file C:/Users/nicca/DeskDoc/EmbeddedSystems/Embedded_Systems/lab_4_project_template/hw/quartus/soc_system/synthesis/submodules/altera_avalon_sc_fifo.v
Info: LCD_controller_0_as_burst_adapter: "mm_interconnect_0" instantiated altera_merlin_burst_adapter "LCD_controller_0_as_burst_adapter"
Info: Reusing file C:/Users/nicca/DeskDoc/EmbeddedSystems/Embedded_Systems/lab_4_project_template/hw/quartus/soc_system/synthesis/submodules/altera_avalon_st_pipeline_base.v
Info: cmd_demux: "mm_interconnect_0" instantiated altera_merlin_demultiplexer "cmd_demux"
Info: cmd_demux_001: "mm_interconnect_0" instantiated altera_merlin_demultiplexer "cmd_demux_001"
Info: cmd_demux_002: "mm_interconnect_0" instantiated altera_merlin_demultiplexer "cmd_demux_002"
Info: cmd_mux: "mm_interconnect_0" instantiated altera_merlin_multiplexer "cmd_mux"
Info: cmd_mux_003: "mm_interconnect_0" instantiated altera_merlin_multiplexer "cmd_mux_003"
Info: Reusing file C:/Users/nicca/DeskDoc/EmbeddedSystems/Embedded_Systems/lab_4_project_template/hw/quartus/soc_system/synthesis/submodules/altera_merlin_arbitrator.sv
Info: rsp_demux: "mm_interconnect_0" instantiated altera_merlin_demultiplexer "rsp_demux"
Info: rsp_demux_003: "mm_interconnect_0" instantiated altera_merlin_demultiplexer "rsp_demux_003"
Info: rsp_mux: "mm_interconnect_0" instantiated altera_merlin_multiplexer "rsp_mux"
Info: Reusing file C:/Users/nicca/DeskDoc/EmbeddedSystems/Embedded_Systems/lab_4_project_template/hw/quartus/soc_system/synthesis/submodules/altera_merlin_arbitrator.sv
Info: rsp_mux_001: "mm_interconnect_0" instantiated altera_merlin_multiplexer "rsp_mux_001"
Info: Reusing file C:/Users/nicca/DeskDoc/EmbeddedSystems/Embedded_Systems/lab_4_project_template/hw/quartus/soc_system/synthesis/submodules/altera_merlin_arbitrator.sv
Info: rsp_mux_002: "mm_interconnect_0" instantiated altera_merlin_multiplexer "rsp_mux_002"
Info: Reusing file C:/Users/nicca/DeskDoc/EmbeddedSystems/Embedded_Systems/lab_4_project_template/hw/quartus/soc_system/synthesis/submodules/altera_merlin_arbitrator.sv
Info: avalon_st_adapter: "mm_interconnect_0" instantiated altera_avalon_st_adapter "avalon_st_adapter"
Info: router: "mm_interconnect_1" instantiated altera_merlin_router "router"
Info: router_001: "mm_interconnect_1" instantiated altera_merlin_router "router_001"
Info: cmd_demux: "mm_interconnect_1" instantiated altera_merlin_demultiplexer "cmd_demux"
Info: cmd_mux: "mm_interconnect_1" instantiated altera_merlin_multiplexer "cmd_mux"
Info: Reusing file C:/Users/nicca/DeskDoc/EmbeddedSystems/Embedded_Systems/lab_4_project_template/hw/quartus/soc_system/synthesis/submodules/altera_merlin_arbitrator.sv
Info: rsp_mux: "mm_interconnect_1" instantiated altera_merlin_multiplexer "rsp_mux"
Info: Reusing file C:/Users/nicca/DeskDoc/EmbeddedSystems/Embedded_Systems/lab_4_project_template/hw/quartus/soc_system/synthesis/submodules/altera_merlin_arbitrator.sv
Info: border: "hps_io" instantiated altera_interface_generator "border"
Info: error_adapter_0: "avalon_st_adapter" instantiated error_adapter "error_adapter_0"
Info: soc_system: Done "soc_system" with 46 modules, 118 files
Info: qsys-generate succeeded.
Info: Finished: Create HDL design files for synthesis
