Info: Starting: Create block symbol file (.bsf)
Info: qsys-generate E:\EPFL\Semestre_7\Embedded_Systems\fpga_intro\hw\quartus\system2_1.qsys --block-symbol-file --output-directory=E:\EPFL\Semestre_7\Embedded_Systems\fpga_intro\hw\quartus\system2_1 --family="Cyclone V" --part=5CSEMA4U23C6
Progress: Loading quartus/system2_1.qsys
Progress: Reading input file
Progress: Adding clk_0 [clock_source 18.1]
Progress: Parameterizing module clk_0
Progress: Adding custom_PIO_0 [custom_PIO 1.0]
Progress: Parameterizing module custom_PIO_0
Progress: Adding jtag_uart_0 [altera_avalon_jtag_uart 18.1]
Progress: Parameterizing module jtag_uart_0
Progress: Adding nios2_gen2_0 [altera_nios2_gen2 18.1]
Progress: Parameterizing module nios2_gen2_0
Progress: Adding onchip_memory2_0 [altera_avalon_onchip_memory2 18.1]
Progress: Parameterizing module onchip_memory2_0
Progress: Building connections
Progress: Parameterizing connections
Progress: Validating
Progress: Done reading input file
Info: system2_1.jtag_uart_0: JTAG UART IP input clock need to be at least double (2x) the operating frequency of JTAG TCK on board
Warning: system2_1.custom_PIO_0: custom_PIO_0.external_connection must be exported, or connected to a matching conduit.
Info: qsys-generate succeeded.
Info: Finished: Create block symbol file (.bsf)
Info: 
Info: Starting: Create HDL design files for synthesis
Info: qsys-generate E:\EPFL\Semestre_7\Embedded_Systems\fpga_intro\hw\quartus\system2_1.qsys --synthesis=VERILOG --output-directory=E:\EPFL\Semestre_7\Embedded_Systems\fpga_intro\hw\quartus\system2_1\synthesis --family="Cyclone V" --part=5CSEMA4U23C6
Progress: Loading quartus/system2_1.qsys
Progress: Reading input file
Progress: Adding clk_0 [clock_source 18.1]
Progress: Parameterizing module clk_0
Progress: Adding custom_PIO_0 [custom_PIO 1.0]
Progress: Parameterizing module custom_PIO_0
Progress: Adding jtag_uart_0 [altera_avalon_jtag_uart 18.1]
Progress: Parameterizing module jtag_uart_0
Progress: Adding nios2_gen2_0 [altera_nios2_gen2 18.1]
Progress: Parameterizing module nios2_gen2_0
Progress: Adding onchip_memory2_0 [altera_avalon_onchip_memory2 18.1]
Progress: Parameterizing module onchip_memory2_0
Progress: Building connections
Progress: Parameterizing connections
Progress: Validating
Progress: Done reading input file
Info: system2_1.jtag_uart_0: JTAG UART IP input clock need to be at least double (2x) the operating frequency of JTAG TCK on board
Warning: system2_1.custom_PIO_0: custom_PIO_0.external_connection must be exported, or connected to a matching conduit.
Info: system2_1: Generating system2_1 "system2_1" for QUARTUS_SYNTH
Info: custom_PIO_0: "system2_1" instantiated custom_PIO "custom_PIO_0"
Info: jtag_uart_0: Starting RTL generation for module 'system2_1_jtag_uart_0'
Info: jtag_uart_0:   Generation command is [exec C:/intelfpga_lite/18.1/quartus/bin64/perl/bin/perl.exe -I C:/intelfpga_lite/18.1/quartus/bin64/perl/lib -I C:/intelfpga_lite/18.1/quartus/sopc_builder/bin/europa -I C:/intelfpga_lite/18.1/quartus/sopc_builder/bin/perl_lib -I C:/intelfpga_lite/18.1/quartus/sopc_builder/bin -I C:/intelfpga_lite/18.1/quartus/../ip/altera/sopc_builder_ip/common -I C:/intelfpga_lite/18.1/quartus/../ip/altera/sopc_builder_ip/altera_avalon_jtag_uart -- C:/intelfpga_lite/18.1/quartus/../ip/altera/sopc_builder_ip/altera_avalon_jtag_uart/generate_rtl.pl --name=system2_1_jtag_uart_0 --dir=C:/Users/augus/AppData/Local/Temp/alt8570_9172309172811010471.dir/0006_jtag_uart_0_gen/ --quartus_dir=C:/intelfpga_lite/18.1/quartus --verilog --config=C:/Users/augus/AppData/Local/Temp/alt8570_9172309172811010471.dir/0006_jtag_uart_0_gen//system2_1_jtag_uart_0_component_configuration.pl  --do_build_sim=0  ]
Info: jtag_uart_0: Done RTL generation for module 'system2_1_jtag_uart_0'
Info: jtag_uart_0: "system2_1" instantiated altera_avalon_jtag_uart "jtag_uart_0"
Info: nios2_gen2_0: "system2_1" instantiated altera_nios2_gen2 "nios2_gen2_0"
Info: onchip_memory2_0: Starting RTL generation for module 'system2_1_onchip_memory2_0'
Info: onchip_memory2_0:   Generation command is [exec C:/intelfpga_lite/18.1/quartus/bin64/perl/bin/perl.exe -I C:/intelfpga_lite/18.1/quartus/bin64/perl/lib -I C:/intelfpga_lite/18.1/quartus/sopc_builder/bin/europa -I C:/intelfpga_lite/18.1/quartus/sopc_builder/bin/perl_lib -I C:/intelfpga_lite/18.1/quartus/sopc_builder/bin -I C:/intelfpga_lite/18.1/quartus/../ip/altera/sopc_builder_ip/common -I C:/intelfpga_lite/18.1/quartus/../ip/altera/sopc_builder_ip/altera_avalon_onchip_memory2 -- C:/intelfpga_lite/18.1/quartus/../ip/altera/sopc_builder_ip/altera_avalon_onchip_memory2/generate_rtl.pl --name=system2_1_onchip_memory2_0 --dir=C:/Users/augus/AppData/Local/Temp/alt8570_9172309172811010471.dir/0007_onchip_memory2_0_gen/ --quartus_dir=C:/intelfpga_lite/18.1/quartus --verilog --config=C:/Users/augus/AppData/Local/Temp/alt8570_9172309172811010471.dir/0007_onchip_memory2_0_gen//system2_1_onchip_memory2_0_component_configuration.pl  --do_build_sim=0  ]
Info: onchip_memory2_0: Done RTL generation for module 'system2_1_onchip_memory2_0'
Info: onchip_memory2_0: "system2_1" instantiated altera_avalon_onchip_memory2 "onchip_memory2_0"
Info: avalon_st_adapter: Inserting error_adapter: error_adapter_0
Info: avalon_st_adapter_001: Inserting error_adapter: error_adapter_0
Info: avalon_st_adapter_002: Inserting error_adapter: error_adapter_0
Info: avalon_st_adapter_003: Inserting error_adapter: error_adapter_0
Info: mm_interconnect_0: "system2_1" instantiated altera_mm_interconnect "mm_interconnect_0"
Info: irq_mapper: "system2_1" instantiated altera_irq_mapper "irq_mapper"
Info: rst_controller: "system2_1" instantiated altera_reset_controller "rst_controller"
Info: cpu: Starting RTL generation for module 'system2_1_nios2_gen2_0_cpu'
Info: cpu:   Generation command is [exec C:/intelFPGA_lite/18.1/quartus/bin64//eperlcmd.exe -I C:/intelFPGA_lite/18.1/quartus/bin64//perl/lib -I C:/intelfpga_lite/18.1/quartus/sopc_builder/bin/europa -I C:/intelfpga_lite/18.1/quartus/sopc_builder/bin/perl_lib -I C:/intelfpga_lite/18.1/quartus/sopc_builder/bin -I C:/intelfpga_lite/18.1/quartus/../ip/altera/nios2_ip/altera_nios2_gen2/cpu_lib -I C:/intelfpga_lite/18.1/quartus/../ip/altera/nios2_ip/altera_nios2_gen2/nios_lib -I C:/intelfpga_lite/18.1/quartus/../ip/altera/nios2_ip/altera_nios2_gen2 -I C:/intelfpga_lite/18.1/quartus/../ip/altera/nios2_ip/altera_nios2_gen2 -- C:/intelfpga_lite/18.1/quartus/../ip/altera/nios2_ip/altera_nios2_gen2/generate_rtl.epl --name=system2_1_nios2_gen2_0_cpu --dir=C:/Users/augus/AppData/Local/Temp/alt8570_9172309172811010471.dir/0010_cpu_gen/ --quartus_bindir=C:/intelFPGA_lite/18.1/quartus/bin64/ --verilog --config=C:/Users/augus/AppData/Local/Temp/alt8570_9172309172811010471.dir/0010_cpu_gen//system2_1_nios2_gen2_0_cpu_processor_configuration.pl  --do_build_sim=0  ]
Info: cpu: # 2020.11.04 15:07:51 (*) Starting Nios II generation
Info: cpu: # 2020.11.04 15:07:51 (*)   Checking for plaintext license.
Info: cpu: # 2020.11.04 15:07:51 (*)   Couldn't query license setup in Quartus directory C:/intelFPGA_lite/18.1/quartus/bin64/
Info: cpu: # 2020.11.04 15:07:51 (*)   Defaulting to contents of LM_LICENSE_FILE environment variable
Info: cpu: # 2020.11.04 15:07:51 (*)   LM_LICENSE_FILE environment variable is empty
Info: cpu: # 2020.11.04 15:07:51 (*)   Plaintext license not found.
Info: cpu: # 2020.11.04 15:07:51 (*)   Checking for encrypted license (non-evaluation).
Info: cpu: # 2020.11.04 15:07:52 (*)   Couldn't query license setup in Quartus directory C:/intelFPGA_lite/18.1/quartus/bin64/
Info: cpu: # 2020.11.04 15:07:52 (*)   Defaulting to contents of LM_LICENSE_FILE environment variable
Info: cpu: # 2020.11.04 15:07:52 (*)   LM_LICENSE_FILE environment variable is empty
Info: cpu: # 2020.11.04 15:07:52 (*)   Encrypted license not found.  Defaulting to OCP evaluation license (produces a time-limited SOF)
Info: cpu: # 2020.11.04 15:07:52 (*)   Elaborating CPU configuration settings
Info: cpu: # 2020.11.04 15:07:52 (*)   Creating all objects for CPU
Info: cpu: # 2020.11.04 15:07:52 (*)     Testbench
Info: cpu: # 2020.11.04 15:07:52 (*)     Instruction decoding
Info: cpu: # 2020.11.04 15:07:52 (*)       Instruction fields
Info: cpu: # 2020.11.04 15:07:52 (*)       Instruction decodes
Info: cpu: # 2020.11.04 15:07:52 (*)       Signals for RTL simulation waveforms
Info: cpu: # 2020.11.04 15:07:52 (*)       Instruction controls
Info: cpu: # 2020.11.04 15:07:52 (*)     Pipeline frontend
Info: cpu: # 2020.11.04 15:07:52 (*)     Pipeline backend
Info: cpu: # 2020.11.04 15:07:54 (*)   Generating RTL from CPU objects
Info: cpu: # 2020.11.04 15:07:55 (*)   Creating encrypted RTL
Info: cpu: # 2020.11.04 15:07:56 (*) Done Nios II generation
Info: cpu: Done RTL generation for module 'system2_1_nios2_gen2_0_cpu'
Info: cpu: "nios2_gen2_0" instantiated altera_nios2_gen2_unit "cpu"
Error: Generation stopped, 43 or more modules remaining
Info: system2_1: Done "system2_1" with 32 modules, 25 files
Error: qsys-generate failed with exit code 1: 1 Error, 1 Warning
Info: Stopping: Create HDL design files for synthesis
