Info: Starting: Create block symbol file (.bsf)
Info: qsys-generate E:\EPFL\Semestre_7\Embedded_Systems\fpga_intro\hw\quartus\system2_1.qsys --block-symbol-file --output-directory=E:\EPFL\Semestre_7\Embedded_Systems\fpga_intro\hw\quartus\system2_1 --family="Cyclone V" --part=5CSEMA4U23C6
Progress: Loading quartus/system2_1.qsys
Progress: Reading input file
Progress: Adding clk_0 [clock_source 18.1]
Progress: Parameterizing module clk_0
Progress: Adding custom_PIO_0 [custom_PIO 1.0]
Progress: Parameterizing module custom_PIO_0
Progress: Adding jtag_uart_0 [altera_avalon_jtag_uart 18.1]
Progress: Parameterizing module jtag_uart_0
Progress: Adding nios2_gen2_0 [altera_nios2_gen2 18.1]
Progress: Parameterizing module nios2_gen2_0
Progress: Adding onchip_memory2_0 [altera_avalon_onchip_memory2 18.1]
Progress: Parameterizing module onchip_memory2_0
Progress: Building connections
Progress: Parameterizing connections
Progress: Validating
Progress: Done reading input file
Info: system2_1.jtag_uart_0: JTAG UART IP input clock need to be at least double (2x) the operating frequency of JTAG TCK on board
Info: qsys-generate succeeded.
Info: Finished: Create block symbol file (.bsf)
Info: 
Info: Starting: Create HDL design files for synthesis
Info: qsys-generate E:\EPFL\Semestre_7\Embedded_Systems\fpga_intro\hw\quartus\system2_1.qsys --synthesis=VERILOG --output-directory=E:\EPFL\Semestre_7\Embedded_Systems\fpga_intro\hw\quartus\system2_1\synthesis --family="Cyclone V" --part=5CSEMA4U23C6
Progress: Loading quartus/system2_1.qsys
Progress: Reading input file
Progress: Adding clk_0 [clock_source 18.1]
Progress: Parameterizing module clk_0
Progress: Adding custom_PIO_0 [custom_PIO 1.0]
Progress: Parameterizing module custom_PIO_0
Progress: Adding jtag_uart_0 [altera_avalon_jtag_uart 18.1]
Progress: Parameterizing module jtag_uart_0
Progress: Adding nios2_gen2_0 [altera_nios2_gen2 18.1]
Progress: Parameterizing module nios2_gen2_0
Progress: Adding onchip_memory2_0 [altera_avalon_onchip_memory2 18.1]
Progress: Parameterizing module onchip_memory2_0
Progress: Building connections
Progress: Parameterizing connections
Progress: Validating
Progress: Done reading input file
Info: system2_1.jtag_uart_0: JTAG UART IP input clock need to be at least double (2x) the operating frequency of JTAG TCK on board
Info: system2_1: Generating system2_1 "system2_1" for QUARTUS_SYNTH
Info: custom_PIO_0: "system2_1" instantiated custom_PIO "custom_PIO_0"
Info: jtag_uart_0: Starting RTL generation for module 'system2_1_jtag_uart_0'
Info: jtag_uart_0:   Generation command is [exec C:/intelfpga_lite/18.1/quartus/bin64/perl/bin/perl.exe -I C:/intelfpga_lite/18.1/quartus/bin64/perl/lib -I C:/intelfpga_lite/18.1/quartus/sopc_builder/bin/europa -I C:/intelfpga_lite/18.1/quartus/sopc_builder/bin/perl_lib -I C:/intelfpga_lite/18.1/quartus/sopc_builder/bin -I C:/intelfpga_lite/18.1/quartus/../ip/altera/sopc_builder_ip/common -I C:/intelfpga_lite/18.1/quartus/../ip/altera/sopc_builder_ip/altera_avalon_jtag_uart -- C:/intelfpga_lite/18.1/quartus/../ip/altera/sopc_builder_ip/altera_avalon_jtag_uart/generate_rtl.pl --name=system2_1_jtag_uart_0 --dir=C:/Users/augus/AppData/Local/Temp/alt8570_9172309172811010471.dir/0012_jtag_uart_0_gen/ --quartus_dir=C:/intelfpga_lite/18.1/quartus --verilog --config=C:/Users/augus/AppData/Local/Temp/alt8570_9172309172811010471.dir/0012_jtag_uart_0_gen//system2_1_jtag_uart_0_component_configuration.pl  --do_build_sim=0  ]
Info: jtag_uart_0: Done RTL generation for module 'system2_1_jtag_uart_0'
Info: jtag_uart_0: "system2_1" instantiated altera_avalon_jtag_uart "jtag_uart_0"
Info: nios2_gen2_0: "system2_1" instantiated altera_nios2_gen2 "nios2_gen2_0"
Info: onchip_memory2_0: Starting RTL generation for module 'system2_1_onchip_memory2_0'
Info: onchip_memory2_0:   Generation command is [exec C:/intelfpga_lite/18.1/quartus/bin64/perl/bin/perl.exe -I C:/intelfpga_lite/18.1/quartus/bin64/perl/lib -I C:/intelfpga_lite/18.1/quartus/sopc_builder/bin/europa -I C:/intelfpga_lite/18.1/quartus/sopc_builder/bin/perl_lib -I C:/intelfpga_lite/18.1/quartus/sopc_builder/bin -I C:/intelfpga_lite/18.1/quartus/../ip/altera/sopc_builder_ip/common -I C:/intelfpga_lite/18.1/quartus/../ip/altera/sopc_builder_ip/altera_avalon_onchip_memory2 -- C:/intelfpga_lite/18.1/quartus/../ip/altera/sopc_builder_ip/altera_avalon_onchip_memory2/generate_rtl.pl --name=system2_1_onchip_memory2_0 --dir=C:/Users/augus/AppData/Local/Temp/alt8570_9172309172811010471.dir/0013_onchip_memory2_0_gen/ --quartus_dir=C:/intelfpga_lite/18.1/quartus --verilog --config=C:/Users/augus/AppData/Local/Temp/alt8570_9172309172811010471.dir/0013_onchip_memory2_0_gen//system2_1_onchip_memory2_0_component_configuration.pl  --do_build_sim=0  ]
Info: onchip_memory2_0: Done RTL generation for module 'system2_1_onchip_memory2_0'
Info: onchip_memory2_0: "system2_1" instantiated altera_avalon_onchip_memory2 "onchip_memory2_0"
Info: avalon_st_adapter: Inserting error_adapter: error_adapter_0
Info: avalon_st_adapter_001: Inserting error_adapter: error_adapter_0
Info: avalon_st_adapter_002: Inserting error_adapter: error_adapter_0
Info: avalon_st_adapter_003: Inserting error_adapter: error_adapter_0
Info: mm_interconnect_0: "system2_1" instantiated altera_mm_interconnect "mm_interconnect_0"
Info: irq_mapper: "system2_1" instantiated altera_irq_mapper "irq_mapper"
Info: rst_controller: "system2_1" instantiated altera_reset_controller "rst_controller"
Info: cpu: Starting RTL generation for module 'system2_1_nios2_gen2_0_cpu'
Info: cpu:   Generation command is [exec C:/intelFPGA_lite/18.1/quartus/bin64//eperlcmd.exe -I C:/intelFPGA_lite/18.1/quartus/bin64//perl/lib -I C:/intelfpga_lite/18.1/quartus/sopc_builder/bin/europa -I C:/intelfpga_lite/18.1/quartus/sopc_builder/bin/perl_lib -I C:/intelfpga_lite/18.1/quartus/sopc_builder/bin -I C:/intelfpga_lite/18.1/quartus/../ip/altera/nios2_ip/altera_nios2_gen2/cpu_lib -I C:/intelfpga_lite/18.1/quartus/../ip/altera/nios2_ip/altera_nios2_gen2/nios_lib -I C:/intelfpga_lite/18.1/quartus/../ip/altera/nios2_ip/altera_nios2_gen2 -I C:/intelfpga_lite/18.1/quartus/../ip/altera/nios2_ip/altera_nios2_gen2 -- C:/intelfpga_lite/18.1/quartus/../ip/altera/nios2_ip/altera_nios2_gen2/generate_rtl.epl --name=system2_1_nios2_gen2_0_cpu --dir=C:/Users/augus/AppData/Local/Temp/alt8570_9172309172811010471.dir/0016_cpu_gen/ --quartus_bindir=C:/intelFPGA_lite/18.1/quartus/bin64/ --verilog --config=C:/Users/augus/AppData/Local/Temp/alt8570_9172309172811010471.dir/0016_cpu_gen//system2_1_nios2_gen2_0_cpu_processor_configuration.pl  --do_build_sim=0  ]
Info: cpu: # 2020.11.04 15:08:33 (*) Starting Nios II generation
Info: cpu: # 2020.11.04 15:08:33 (*)   Checking for plaintext license.
Info: cpu: # 2020.11.04 15:08:34 (*)   Couldn't query license setup in Quartus directory C:/intelFPGA_lite/18.1/quartus/bin64/
Info: cpu: # 2020.11.04 15:08:34 (*)   Defaulting to contents of LM_LICENSE_FILE environment variable
Info: cpu: # 2020.11.04 15:08:34 (*)   LM_LICENSE_FILE environment variable is empty
Info: cpu: # 2020.11.04 15:08:34 (*)   Plaintext license not found.
Info: cpu: # 2020.11.04 15:08:34 (*)   Checking for encrypted license (non-evaluation).
Info: cpu: # 2020.11.04 15:08:34 (*)   Couldn't query license setup in Quartus directory C:/intelFPGA_lite/18.1/quartus/bin64/
Info: cpu: # 2020.11.04 15:08:34 (*)   Defaulting to contents of LM_LICENSE_FILE environment variable
Info: cpu: # 2020.11.04 15:08:34 (*)   LM_LICENSE_FILE environment variable is empty
Info: cpu: # 2020.11.04 15:08:34 (*)   Encrypted license not found.  Defaulting to OCP evaluation license (produces a time-limited SOF)
Info: cpu: # 2020.11.04 15:08:34 (*)   Elaborating CPU configuration settings
Info: cpu: # 2020.11.04 15:08:34 (*)   Creating all objects for CPU
Info: cpu: # 2020.11.04 15:08:34 (*)     Testbench
Info: cpu: # 2020.11.04 15:08:34 (*)     Instruction decoding
Info: cpu: # 2020.11.04 15:08:34 (*)       Instruction fields
Info: cpu: # 2020.11.04 15:08:35 (*)       Instruction decodes
Info: cpu: # 2020.11.04 15:08:35 (*)       Signals for RTL simulation waveforms
Info: cpu: # 2020.11.04 15:08:35 (*)       Instruction controls
Info: cpu: # 2020.11.04 15:08:35 (*)     Pipeline frontend
Info: cpu: # 2020.11.04 15:08:35 (*)     Pipeline backend
Info: cpu: # 2020.11.04 15:08:37 (*)   Generating RTL from CPU objects
Info: cpu: # 2020.11.04 15:08:38 (*)   Creating encrypted RTL
Info: cpu: # 2020.11.04 15:08:38 (*) Done Nios II generation
Info: cpu: Done RTL generation for module 'system2_1_nios2_gen2_0_cpu'
Info: cpu: "nios2_gen2_0" instantiated altera_nios2_gen2_unit "cpu"
Info: nios2_gen2_0_data_master_translator: "mm_interconnect_0" instantiated altera_merlin_master_translator "nios2_gen2_0_data_master_translator"
Info: jtag_uart_0_avalon_jtag_slave_translator: "mm_interconnect_0" instantiated altera_merlin_slave_translator "jtag_uart_0_avalon_jtag_slave_translator"
Info: nios2_gen2_0_data_master_agent: "mm_interconnect_0" instantiated altera_merlin_master_agent "nios2_gen2_0_data_master_agent"
Info: jtag_uart_0_avalon_jtag_slave_agent: "mm_interconnect_0" instantiated altera_merlin_slave_agent "jtag_uart_0_avalon_jtag_slave_agent"
Info: jtag_uart_0_avalon_jtag_slave_agent_rsp_fifo: "mm_interconnect_0" instantiated altera_avalon_sc_fifo "jtag_uart_0_avalon_jtag_slave_agent_rsp_fifo"
Info: router: "mm_interconnect_0" instantiated altera_merlin_router "router"
Info: router_001: "mm_interconnect_0" instantiated altera_merlin_router "router_001"
Info: router_002: "mm_interconnect_0" instantiated altera_merlin_router "router_002"
Info: router_003: "mm_interconnect_0" instantiated altera_merlin_router "router_003"
Info: router_005: "mm_interconnect_0" instantiated altera_merlin_router "router_005"
Info: nios2_gen2_0_data_master_limiter: "mm_interconnect_0" instantiated altera_merlin_traffic_limiter "nios2_gen2_0_data_master_limiter"
Info: Reusing file E:/EPFL/Semestre_7/Embedded_Systems/fpga_intro/hw/quartus/system2_1/synthesis/submodules/altera_avalon_sc_fifo.v
Info: custom_PIO_0_s1_burst_adapter: "mm_interconnect_0" instantiated altera_merlin_burst_adapter "custom_PIO_0_s1_burst_adapter"
Info: Reusing file E:/EPFL/Semestre_7/Embedded_Systems/fpga_intro/hw/quartus/system2_1/synthesis/submodules/altera_avalon_st_pipeline_base.v
Info: cmd_demux: "mm_interconnect_0" instantiated altera_merlin_demultiplexer "cmd_demux"
Info: cmd_demux_001: "mm_interconnect_0" instantiated altera_merlin_demultiplexer "cmd_demux_001"
Info: cmd_mux: "mm_interconnect_0" instantiated altera_merlin_multiplexer "cmd_mux"
Info: cmd_mux_001: "mm_interconnect_0" instantiated altera_merlin_multiplexer "cmd_mux_001"
Info: Reusing file E:/EPFL/Semestre_7/Embedded_Systems/fpga_intro/hw/quartus/system2_1/synthesis/submodules/altera_merlin_arbitrator.sv
Info: rsp_demux: "mm_interconnect_0" instantiated altera_merlin_demultiplexer "rsp_demux"
Info: rsp_demux_001: "mm_interconnect_0" instantiated altera_merlin_demultiplexer "rsp_demux_001"
Info: rsp_mux: "mm_interconnect_0" instantiated altera_merlin_multiplexer "rsp_mux"
Info: Reusing file E:/EPFL/Semestre_7/Embedded_Systems/fpga_intro/hw/quartus/system2_1/synthesis/submodules/altera_merlin_arbitrator.sv
Info: rsp_mux_001: "mm_interconnect_0" instantiated altera_merlin_multiplexer "rsp_mux_001"
Info: Reusing file E:/EPFL/Semestre_7/Embedded_Systems/fpga_intro/hw/quartus/system2_1/synthesis/submodules/altera_merlin_arbitrator.sv
Info: custom_PIO_0_s1_rsp_width_adapter: "mm_interconnect_0" instantiated altera_merlin_width_adapter "custom_PIO_0_s1_rsp_width_adapter"
Info: Reusing file E:/EPFL/Semestre_7/Embedded_Systems/fpga_intro/hw/quartus/system2_1/synthesis/submodules/altera_merlin_address_alignment.sv
Info: Reusing file E:/EPFL/Semestre_7/Embedded_Systems/fpga_intro/hw/quartus/system2_1/synthesis/submodules/altera_merlin_burst_uncompressor.sv
Info: avalon_st_adapter: "mm_interconnect_0" instantiated altera_avalon_st_adapter "avalon_st_adapter"
Info: avalon_st_adapter_003: "mm_interconnect_0" instantiated altera_avalon_st_adapter "avalon_st_adapter_003"
Info: error_adapter_0: "avalon_st_adapter" instantiated error_adapter "error_adapter_0"
Info: error_adapter_0: "avalon_st_adapter_003" instantiated error_adapter "error_adapter_0"
Info: system2_1: Done "system2_1" with 34 modules, 62 files
Info: qsys-generate succeeded.
Info: Finished: Create HDL design files for synthesis
